<?xml version="1.0" encoding="UTF-8"?>
<!-- Generated by org.testng.reporters.JUnitReportReporter -->
<testsuite hostname="DESKTOP-3UFKCOS" failures="0" tests="3" name="tests.TestsProducto" time="13.432" errors="0" timestamp="2021-02-21T23:55:54 CST" skipped="0">
  <testcase classname="tests.TestsProducto" name="addProductoTest" time="4.399"/>
  <system-out/>
  <testcase classname="tests.TestsProducto" name="updateProductoTest" time="5.032"/>
  <system-out/>
  <testcase classname="tests.TestsProducto" name="deleteProductoTest" time="4.001"/>
  <system-out/>
</testsuite> <!-- tests.TestsProducto -->
