<?xml version="1.0" encoding="UTF-8"?>
<!-- Generated by org.testng.reporters.JUnitReportReporter -->
<testsuite hostname="DESKTOP-3UFKCOS" failures="0" tests="3" name="tests.TestsProducto" time="14.348" errors="0" timestamp="2021-02-27T15:55:19 CST" skipped="0">
  <testcase classname="tests.TestsProducto" name="addProductoTest" time="4.712"/>
  <system-out/>
  <testcase classname="tests.TestsProducto" name="updateProductoTest" time="5.257"/>
  <system-out/>
  <testcase classname="tests.TestsProducto" name="deleteProductoTest" time="4.379"/>
  <system-out/>
</testsuite> <!-- tests.TestsProducto -->
