<?xml version="1.0" encoding="UTF-8"?>
<!-- Generated by org.testng.reporters.JUnitReportReporter -->
<testsuite hostname="DESKTOP-3UFKCOS" failures="0" tests="4" name="tests.TestsLogin" time="12.490" errors="0" timestamp="2021-02-21T23:55:54 CST" skipped="0">
  <testcase classname="tests.TestsLogin" name="testLogin" time="3.110"/>
  <system-out/>
  <testcase classname="tests.TestsLogin" name="testIncorrectPassword" time="3.061"/>
  <system-out/>
  <testcase classname="tests.TestsLogin" name="testIncorrectUsername" time="3.156"/>
  <system-out/>
  <testcase classname="tests.TestsLogin" name="testIncorrectCredentials" time="3.163"/>
  <system-out/>
</testsuite> <!-- tests.TestsLogin -->
