<?xml version="1.0" encoding="UTF-8"?>
<!-- Generated by org.testng.reporters.JUnitReportReporter -->
<testsuite hostname="DESKTOP-3UFKCOS" failures="0" tests="3" name="tests.TestsInventario" time="14.150" errors="0" timestamp="2021-02-21T23:55:54 CST" skipped="0">
  <testcase classname="tests.TestsInventario" name="createInventarioByCod" time="4.868"/>
  <system-out/>
  <testcase classname="tests.TestsInventario" name="updateInventarioByCod" time="4.813"/>
  <system-out/>
  <testcase classname="tests.TestsInventario" name="deleteInventarioByCodigo" time="4.469"/>
  <system-out/>
</testsuite> <!-- tests.TestsInventario -->
