<?xml version="1.0" encoding="UTF-8"?>
<!-- Generated by org.testng.reporters.JUnitReportReporter -->
<testsuite hostname="DESKTOP-3UFKCOS" failures="0" tests="4" name="tests.TestsLogin" time="14.350" errors="0" timestamp="2021-03-06T14:55:56 CST" skipped="0">
  <testcase classname="tests.TestsLogin" name="testLogin" time="3.640"/>
  <system-out/>
  <testcase classname="tests.TestsLogin" name="testIncorrectPassword" time="3.889"/>
  <system-out/>
  <testcase classname="tests.TestsLogin" name="testIncorrectUsername" time="3.405"/>
  <system-out/>
  <testcase classname="tests.TestsLogin" name="testIncorrectCredentials" time="3.416"/>
  <system-out/>
</testsuite> <!-- tests.TestsLogin -->
