<?xml version="1.0" encoding="UTF-8"?>
<!-- Generated by org.testng.reporters.JUnitReportReporter -->
<testsuite hostname="DESKTOP-3UFKCOS" failures="0" tests="1" name="tests.TestsInventario" time="4.812" errors="0" timestamp="2021-02-21T03:23:12 CST" skipped="0">
  <testcase classname="tests.TestsInventario" name="updateInventarioByCod" time="4.812"/>
  <system-out/>
</testsuite> <!-- tests.TestsInventario -->
