<?xml version="1.0" encoding="UTF-8"?>
<!-- Generated by org.testng.reporters.JUnitReportReporter -->
<testsuite hostname="DESKTOP-3UFKCOS" failures="0" tests="3" name="tests.TestsInventario" time="18.305" errors="0" timestamp="2021-03-12T21:09:13 CST" skipped="0">
  <testcase classname="tests.TestsInventario" name="createInventarioByCod" time="6.018"/>
  <system-out/>
  <testcase classname="tests.TestsInventario" name="updateInventarioByCod" time="7.511"/>
  <system-out/>
  <testcase classname="tests.TestsInventario" name="deleteInventarioByCodigo" time="4.776"/>
  <system-out/>
</testsuite> <!-- tests.TestsInventario -->
