<?xml version="1.0" encoding="UTF-8"?>
<!-- Generated by org.testng.reporters.JUnitReportReporter -->
<testsuite hostname="DESKTOP-3UFKCOS" failures="0" tests="3" name="tests.TestsInventario" time="17.669" errors="0" timestamp="2021-03-12T23:01:38 CST" skipped="0">
  <testcase classname="tests.TestsInventario" name="createInventarioByCod" time="5.714"/>
  <system-out/>
  <testcase classname="tests.TestsInventario" name="updateInventarioByCod" time="6.267"/>
  <system-out/>
  <testcase classname="tests.TestsInventario" name="deleteInventarioByCodigo" time="5.688"/>
  <system-out/>
</testsuite> <!-- tests.TestsInventario -->
