<?xml version="1.0" encoding="UTF-8"?>
<!-- Generated by org.testng.reporters.JUnitReportReporter -->
<testsuite hostname="DESKTOP-3UFKCOS" failures="0" tests="4" name="tests.TestsLogin" time="14.304" errors="0" timestamp="2021-03-12T21:09:13 CST" skipped="0">
  <testcase classname="tests.TestsLogin" name="testLogin" time="3.452"/>
  <system-out/>
  <testcase classname="tests.TestsLogin" name="testIncorrectPassword" time="3.429"/>
  <system-out/>
  <testcase classname="tests.TestsLogin" name="testIncorrectUsername" time="3.938"/>
  <system-out/>
  <testcase classname="tests.TestsLogin" name="testIncorrectCredentials" time="3.485"/>
  <system-out/>
</testsuite> <!-- tests.TestsLogin -->
