<?xml version="1.0" encoding="UTF-8"?>
<!-- Generated by org.testng.reporters.JUnitReportReporter -->
<testsuite hostname="DESKTOP-3UFKCOS" failures="0" tests="3" name="tests.TestsProducto" time="14.687" errors="0" timestamp="2021-02-27T14:44:32 CST" skipped="0">
  <testcase classname="tests.TestsProducto" name="addProductoTest" time="4.946"/>
  <system-out/>
  <testcase classname="tests.TestsProducto" name="updateProductoTest" time="5.776"/>
  <system-out/>
  <testcase classname="tests.TestsProducto" name="deleteProductoTest" time="3.965"/>
  <system-out/>
</testsuite> <!-- tests.TestsProducto -->
