<?xml version="1.0" encoding="UTF-8"?>
<!-- Generated by org.testng.reporters.JUnitReportReporter -->
<testsuite hostname="DESKTOP-3UFKCOS" failures="0" tests="4" name="tests.TestsLogin" time="13.309" errors="0" timestamp="2021-03-06T13:40:02 CST" skipped="0">
  <testcase classname="tests.TestsLogin" name="testLogin" time="3.198"/>
  <system-out/>
  <testcase classname="tests.TestsLogin" name="testIncorrectPassword" time="3.274"/>
  <system-out/>
  <testcase classname="tests.TestsLogin" name="testIncorrectUsername" time="3.682"/>
  <system-out/>
  <testcase classname="tests.TestsLogin" name="testIncorrectCredentials" time="3.155"/>
  <system-out/>
</testsuite> <!-- tests.TestsLogin -->
