<?xml version="1.0" encoding="UTF-8"?>
<!-- Generated by org.testng.reporters.JUnitReportReporter -->
<testsuite hostname="DESKTOP-3UFKCOS" failures="0" tests="3" name="tests.TestsProducto" time="13.961" errors="0" timestamp="2021-03-06T13:40:02 CST" skipped="0">
  <testcase classname="tests.TestsProducto" name="addProductoTest" time="4.969"/>
  <system-out/>
  <testcase classname="tests.TestsProducto" name="updateProductoTest" time="5.065"/>
  <system-out/>
  <testcase classname="tests.TestsProducto" name="deleteProductoTest" time="3.927"/>
  <system-out/>
</testsuite> <!-- tests.TestsProducto -->
