<?xml version="1.0" encoding="UTF-8"?>
<!-- Generated by org.testng.reporters.JUnitReportReporter -->
<testsuite hostname="DESKTOP-3UFKCOS" failures="0" tests="1" name="tests.TestsLogin" time="3.573" errors="0" timestamp="2021-02-21T00:30:07 CST" skipped="0">
  <testcase classname="tests.TestsLogin" name="testLogin" time="3.573"/>
  <system-out/>
</testsuite> <!-- tests.TestsLogin -->
