<?xml version="1.0" encoding="UTF-8"?>
<!-- Generated by org.testng.reporters.JUnitReportReporter -->
<testsuite hostname="DESKTOP-3UFKCOS" failures="0" tests="4" name="tests.TestsLogin" time="13.077" errors="0" timestamp="2021-02-27T13:51:35 CST" skipped="0">
  <testcase classname="tests.TestsLogin" name="testLogin" time="3.635"/>
  <system-out/>
  <testcase classname="tests.TestsLogin" name="testIncorrectPassword" time="3.118"/>
  <system-out/>
  <testcase classname="tests.TestsLogin" name="testIncorrectUsername" time="3.218"/>
  <system-out/>
  <testcase classname="tests.TestsLogin" name="testIncorrectCredentials" time="3.106"/>
  <system-out/>
</testsuite> <!-- tests.TestsLogin -->
