<?xml version="1.0" encoding="UTF-8"?>
<!-- Generated by org.testng.reporters.JUnitReportReporter -->
<testsuite hostname="DESKTOP-3UFKCOS" failures="0" tests="3" name="tests.TestsInventario" time="14.264" errors="0" timestamp="2021-02-27T13:51:35 CST" skipped="0">
  <testcase classname="tests.TestsInventario" name="createInventarioByCod" time="4.826"/>
  <system-out/>
  <testcase classname="tests.TestsInventario" name="updateInventarioByCod" time="4.814"/>
  <system-out/>
  <testcase classname="tests.TestsInventario" name="deleteInventarioByCodigo" time="4.624"/>
  <system-out/>
</testsuite> <!-- tests.TestsInventario -->
