<?xml version="1.0" encoding="UTF-8"?>
<!-- Generated by org.testng.reporters.JUnitReportReporter -->
<testsuite hostname="DESKTOP-3UFKCOS" failures="0" tests="3" name="tests.TestsProducto" time="15.366" errors="0" timestamp="2021-03-12T21:09:13 CST" skipped="0">
  <testcase classname="tests.TestsProducto" name="addProductoTest" time="4.717"/>
  <system-out/>
  <testcase classname="tests.TestsProducto" name="updateProductoTest" time="5.876"/>
  <system-out/>
  <testcase classname="tests.TestsProducto" name="deleteProductoTest" time="4.773"/>
  <system-out/>
</testsuite> <!-- tests.TestsProducto -->
