<?xml version="1.0" encoding="UTF-8"?>
<!-- Generated by org.testng.reporters.JUnitReportReporter -->
<testsuite hostname="DESKTOP-3UFKCOS" failures="0" tests="3" name="tests.TestsInventario" time="16.364" errors="0" timestamp="2021-03-06T13:40:02 CST" skipped="0">
  <testcase classname="tests.TestsInventario" name="createInventarioByCod" time="5.314"/>
  <system-out/>
  <testcase classname="tests.TestsInventario" name="updateInventarioByCod" time="5.374"/>
  <system-out/>
  <testcase classname="tests.TestsInventario" name="deleteInventarioByCodigo" time="5.676"/>
  <system-out/>
</testsuite> <!-- tests.TestsInventario -->
